[0208/110039.317:ERROR:audio_rtp_receiver.cc(89)] AudioRtpReceiver::OnSetVolume: No audio channel exists.
[0208/110039.318:WARNING:used_ids.h(55)] Duplicate id found. Reassigning from 104 to 127
[0208/110039.318:WARNING:used_ids.h(55)] Duplicate id found. Reassigning from 102 to 125
[0208/110039.318:WARNING:used_ids.h(55)] Duplicate id found. Reassigning from 104 to 124
[0208/110039.318:WARNING:used_ids.h(55)] Duplicate id found. Reassigning from 106 to 123
[0208/110039.318:WARNING:used_ids.h(55)] Duplicate id found. Reassigning from 103 to 122
[0208/110039.318:WARNING:used_ids.h(55)] Duplicate id found. Reassigning from 105 to 121
[0208/110039.318:WARNING:used_ids.h(55)] Duplicate id found. Reassigning from 109 to 120
[0208/110039.320:WARNING:used_ids.h(55)] Duplicate id found. Reassigning from 1 to 14
[0208/110039.320:WARNING:used_ids.h(55)] Duplicate id found. Reassigning from 3 to 13
[0208/110039.320:WARNING:used_ids.h(55)] Duplicate id found. Reassigning from 5 to 12
[0208/110039.320:WARNING:used_ids.h(55)] Duplicate id found. Reassigning from 6 to 11
[0208/110156.068:ERROR:batching_media_log.cc(38)] MediaEvent: {"error":"FFmpegDemuxer: no supported streams"}
[0208/110156.068:ERROR:batching_media_log.cc(35)] MediaEvent: {"pipeline_error":14}
[0208/110156.364:ERROR:batching_media_log.cc(38)] MediaEvent: {"error":"FFmpegDemuxer: no supported streams"}
[0208/110156.364:ERROR:batching_media_log.cc(35)] MediaEvent: {"pipeline_error":14}
[0209/005136.924:WARNING:gpu_process_host.cc(1230)] The GPU process has crashed 1 time(s)
[0223/133205.749:ERROR:backend_impl.cc(1041)] Critical error found -8
[0223/133205.761:ERROR:entry_impl.cc(1076)] No file for c103150c
[0223/133205.761:WARNING:storage_block-inl.h(146)] Failed data load.
[0223/133205.761:WARNING:storage_block-inl.h(146)] Failed data load.
[0223/133205.761:WARNING:storage_block-inl.h(146)] Failed data load.
[0223/133205.761:WARNING:storage_block-inl.h(146)] Failed data load.
[0223/133205.761:ERROR:entry_impl.cc(1076)] No file for c1031502
[0223/133205.761:WARNING:storage_block-inl.h(146)] Failed data load.
[0223/133205.761:WARNING:storage_block-inl.h(146)] Failed data load.
[0223/133205.761:WARNING:storage_block-inl.h(146)] Failed data load.
[0223/133205.761:WARNING:storage_block-inl.h(146)] Failed data load.
[0223/133205.761:ERROR:entry_impl.cc(1076)] No file for c103150e
[0223/133205.761:WARNING:storage_block-inl.h(146)] Failed data load.
[0223/133205.761:WARNING:storage_block-inl.h(146)] Failed data load.
[0223/133205.761:WARNING:storage_block-inl.h(146)] Failed data load.
[0223/133234.390:WARNING:spdy_session.cc(3365)] Received HEADERS for invalid stream 43
[0223/133234.393:WARNING:spdy_session.cc(3365)] Received HEADERS for invalid stream 45
[0223/133234.393:WARNING:spdy_session.cc(3365)] Received HEADERS for invalid stream 47
[0223/133234.393:WARNING:spdy_session.cc(3365)] Received HEADERS for invalid stream 49
[0223/133234.393:WARNING:spdy_session.cc(3365)] Received HEADERS for invalid stream 51
[0223/133234.393:WARNING:spdy_session.cc(3365)] Received HEADERS for invalid stream 53
[0223/133234.393:WARNING:spdy_session.cc(3365)] Received HEADERS for invalid stream 55
[0223/133234.393:WARNING:spdy_session.cc(3365)] Received HEADERS for invalid stream 57
[0313/101028.329:ERROR:batching_media_log.cc(38)] MediaEvent: {"error":"FFmpegDemuxer: no supported streams"}
[0313/101028.330:ERROR:batching_media_log.cc(35)] MediaEvent: {"pipeline_error":14}
[0313/101028.581:ERROR:batching_media_log.cc(38)] MediaEvent: {"error":"FFmpegDemuxer: no supported streams"}
[0313/101028.581:ERROR:batching_media_log.cc(35)] MediaEvent: {"pipeline_error":14}
[0315/103200.928:ERROR:backend_impl.cc(1041)] Critical error found -8
[0315/103200.928:ERROR:entry_impl.cc(1076)] No file for c1030520
[0315/103200.929:WARNING:storage_block-inl.h(146)] Failed data load.
[0315/103200.929:WARNING:storage_block-inl.h(146)] Failed data load.
[0315/103200.929:WARNING:storage_block-inl.h(146)] Failed data load.
[0315/103200.929:WARNING:storage_block-inl.h(146)] Failed data load.
[0315/103200.929:ERROR:entry_impl.cc(1076)] No file for c1030182
[0315/103200.929:WARNING:storage_block-inl.h(146)] Failed data load.
[0315/103200.929:WARNING:storage_block-inl.h(146)] Failed data load.
[0315/103200.929:WARNING:storage_block-inl.h(146)] Failed data load.
[0315/103200.929:WARNING:storage_block-inl.h(146)] Failed data load.
[0315/103200.929:ERROR:entry_impl.cc(1076)] No file for c10300f6
[0315/103200.930:WARNING:storage_block-inl.h(146)] Failed data load.
[0315/103200.930:WARNING:storage_block-inl.h(146)] Failed data load.
[0315/103200.931:WARNING:storage_block-inl.h(146)] Failed data load.
[0316/114315.311:WARNING:gpu_process_host.cc(1230)] The GPU process has crashed 1 time(s)
[0327/094825.990:WARNING:gpu_process_host.cc(1230)] The GPU process has crashed 1 time(s)
[0327/103519.546:WARNING:gpu_process_host.cc(1230)] The GPU process has crashed 1 time(s)
[0327/140958.484:WARNING:gpu_process_host.cc(1230)] The GPU process has crashed 1 time(s)
[0327/142913.271:WARNING:gpu_process_host.cc(1230)] The GPU process has crashed 1 time(s)
[0327/150732.075:WARNING:gpu_process_host.cc(1230)] The GPU process has crashed 1 time(s)
[0403/193449.035:WARNING:spdy_session.cc(3365)] Received HEADERS for invalid stream 35
[0409/231146.067:WARNING:gpu_process_host.cc(1230)] The GPU process has crashed 1 time(s)
[0411/145206.033:ERROR:backend_impl.cc(1041)] Critical error found -8
[0411/145206.033:ERROR:entry_impl.cc(1076)] No file for c10306e6
[0411/145206.033:WARNING:storage_block-inl.h(146)] Failed data load.
[0411/145206.033:WARNING:storage_block-inl.h(146)] Failed data load.
[0411/145206.033:WARNING:storage_block-inl.h(146)] Failed data load.
[0411/145206.033:WARNING:storage_block-inl.h(146)] Failed data load.
[0411/145206.033:ERROR:entry_impl.cc(1076)] No file for c10300a4
[0411/145206.033:WARNING:storage_block-inl.h(146)] Failed data load.
[0411/145206.033:WARNING:storage_block-inl.h(146)] Failed data load.
[0411/145206.033:WARNING:storage_block-inl.h(146)] Failed data load.
[0411/145206.034:WARNING:storage_block-inl.h(146)] Failed data load.
[0411/145206.034:ERROR:entry_impl.cc(1076)] No file for c1030756
[0411/145206.034:WARNING:storage_block-inl.h(146)] Failed data load.
[0411/145206.034:WARNING:storage_block-inl.h(146)] Failed data load.
[0411/145206.034:WARNING:storage_block-inl.h(146)] Failed data load.
[0411/145206.034:WARNING:storage_block-inl.h(146)] Failed data load.
[0411/145206.034:ERROR:entry_impl.cc(1076)] No file for c1030052
[0411/145206.034:WARNING:storage_block-inl.h(146)] Failed data load.
[0411/145206.034:WARNING:storage_block-inl.h(146)] Failed data load.
[0411/145206.041:WARNING:storage_block-inl.h(146)] Failed data load.
[0411/145206.041:WARNING:storage_block-inl.h(146)] Failed data load.
[0411/145206.041:WARNING:storage_block-inl.h(146)] Failed data load.
[0411/145206.041:WARNING:storage_block-inl.h(146)] Failed data load.
[0411/145206.041:ERROR:entry_impl.cc(1076)] No file for c103009e
[0411/145206.041:WARNING:storage_block-inl.h(146)] Failed data load.
[0411/145206.041:WARNING:storage_block-inl.h(146)] Failed data load.
[0411/145206.042:WARNING:storage_block-inl.h(146)] Failed data load.
[0411/145206.042:WARNING:storage_block-inl.h(146)] Failed data load.
[0411/145206.042:WARNING:storage_block-inl.h(146)] Failed data load.
[0411/145206.042:WARNING:storage_block-inl.h(146)] Failed data load.
[0411/145206.042:ERROR:entry_impl.cc(1076)] No file for c103069e
[0411/145206.042:WARNING:storage_block-inl.h(146)] Failed data load.
[0411/145206.042:WARNING:storage_block-inl.h(146)] Failed data load.
[0411/145206.042:WARNING:storage_block-inl.h(146)] Failed data load.
[0411/145206.042:WARNING:storage_block-inl.h(146)] Failed data load.
[0411/145206.042:ERROR:entry_impl.cc(1076)] No file for c103009c
[0411/145206.042:WARNING:storage_block-inl.h(146)] Failed data load.
[0411/145206.042:WARNING:storage_block-inl.h(146)] Failed data load.
[0411/145206.042:WARNING:storage_block-inl.h(146)] Failed data load.
[0411/145206.042:WARNING:storage_block-inl.h(146)] Failed data load.
[0411/145206.042:ERROR:entry_impl.cc(1076)] No file for c10300be
[0411/145206.042:WARNING:storage_block-inl.h(146)] Failed data load.
[0411/145206.042:WARNING:storage_block-inl.h(146)] Failed data load.
[0411/145206.042:WARNING:storage_block-inl.h(146)] Failed data load.
[0411/145206.042:WARNING:storage_block-inl.h(146)] Failed data load.
[0411/145206.042:ERROR:entry_impl.cc(1076)] No file for c10307a2
[0411/145206.042:WARNING:storage_block-inl.h(146)] Failed data load.
[0411/145206.042:WARNING:storage_block-inl.h(146)] Failed data load.
[0411/145206.042:WARNING:storage_block-inl.h(146)] Failed data load.
[0411/145206.042:WARNING:storage_block-inl.h(146)] Failed data load.
[0411/145206.042:ERROR:entry_impl.cc(1076)] No file for c10300d0
[0411/145206.042:WARNING:storage_block-inl.h(146)] Failed data load.
[0411/145206.042:WARNING:storage_block-inl.h(146)] Failed data load.
[0411/145206.042:WARNING:storage_block-inl.h(146)] Failed data load.
[0411/145206.042:WARNING:storage_block-inl.h(146)] Failed data load.
[0411/145206.042:ERROR:entry_impl.cc(1076)] No file for c10300d2
[0411/145206.042:WARNING:storage_block-inl.h(146)] Failed data load.
[0411/145206.042:WARNING:storage_block-inl.h(146)] Failed data load.
[0411/145206.042:WARNING:storage_block-inl.h(146)] Failed data load.
[0411/145206.042:WARNING:storage_block-inl.h(146)] Failed data load.
[0411/145206.043:ERROR:entry_impl.cc(1076)] No file for c1030046
[0411/145206.043:WARNING:storage_block-inl.h(146)] Failed data load.
[0411/145206.043:WARNING:storage_block-inl.h(146)] Failed data load.
[0411/145206.043:WARNING:storage_block-inl.h(146)] Failed data load.
[0411/145206.043:WARNING:storage_block-inl.h(146)] Failed data load.
[0411/145206.043:ERROR:entry_impl.cc(1076)] No file for c10306ea
[0411/145206.043:WARNING:storage_block-inl.h(146)] Failed data load.
[0411/145206.043:WARNING:storage_block-inl.h(146)] Failed data load.
[0411/145206.043:WARNING:storage_block-inl.h(146)] Failed data load.
[0411/145206.043:WARNING:storage_block-inl.h(146)] Failed data load.
[0411/145206.043:ERROR:entry_impl.cc(1076)] No file for c1030772
[0411/145206.043:WARNING:storage_block-inl.h(146)] Failed data load.
[0411/145206.043:WARNING:storage_block-inl.h(146)] Failed data load.
[0411/145206.043:WARNING:storage_block-inl.h(146)] Failed data load.
[0411/145206.043:WARNING:storage_block-inl.h(146)] Failed data load.
[0411/145206.043:ERROR:entry_impl.cc(1076)] No file for c103070c
[0411/145206.043:WARNING:storage_block-inl.h(146)] Failed data load.
[0411/145206.043:WARNING:storage_block-inl.h(146)] Failed data load.
[0411/145206.043:WARNING:storage_block-inl.h(146)] Failed data load.
[0411/145206.043:WARNING:storage_block-inl.h(146)] Failed data load.
[0411/145206.043:ERROR:entry_impl.cc(1076)] No file for c1030792
[0411/145206.043:WARNING:storage_block-inl.h(146)] Failed data load.
[0411/145206.043:WARNING:storage_block-inl.h(146)] Failed data load.
[0411/145206.052:WARNING:storage_block-inl.h(146)] Failed data load.
[0411/145206.054:WARNING:storage_block-inl.h(146)] Failed data load.
[0411/145206.054:WARNING:storage_block-inl.h(146)] Failed data load.
[0411/145206.055:WARNING:storage_block-inl.h(146)] Failed data load.
[0411/145206.055:WARNING:storage_block-inl.h(146)] Failed data load.
[0411/145206.055:WARNING:storage_block-inl.h(146)] Failed data load.
[0411/145206.062:WARNING:storage_block-inl.h(146)] Failed data load.
[0411/145206.062:WARNING:storage_block-inl.h(146)] Failed data load.
[0411/145206.069:WARNING:storage_block-inl.h(146)] Failed data load.
[0411/145206.069:WARNING:storage_block-inl.h(146)] Failed data load.
[0411/145206.082:WARNING:storage_block-inl.h(146)] Failed data load.
[0411/145206.083:WARNING:storage_block-inl.h(146)] Failed data load.
[0411/145206.084:WARNING:storage_block-inl.h(146)] Failed data load.
[0411/145206.084:WARNING:storage_block-inl.h(146)] Failed data load.
[0411/145206.084:WARNING:storage_block-inl.h(146)] Failed data load.
[0411/145206.084:WARNING:storage_block-inl.h(146)] Failed data load.
[0411/145206.086:WARNING:storage_block-inl.h(146)] Failed data load.
[0411/145206.086:WARNING:storage_block-inl.h(146)] Failed data load.
[0411/145206.087:WARNING:storage_block-inl.h(146)] Failed data load.
[0411/145206.088:WARNING:storage_block-inl.h(146)] Failed data load.
[0411/145206.089:WARNING:storage_block-inl.h(146)] Failed data load.
[0411/145206.090:WARNING:storage_block-inl.h(146)] Failed data load.
[0411/145206.090:WARNING:storage_block-inl.h(146)] Failed data load.
[0411/145206.090:WARNING:storage_block-inl.h(146)] Failed data load.
[0411/145206.090:WARNING:storage_block-inl.h(146)] Failed data load.
[0411/145206.090:WARNING:storage_block-inl.h(146)] Failed data load.
[0411/145206.090:WARNING:storage_block-inl.h(146)] Failed data load.
[0411/145206.090:WARNING:storage_block-inl.h(146)] Failed data load.
[0411/145206.183:ERROR:entry_impl.cc(998)] Failed to save user data
